CRITICAL - 2023-07-23 04:19:38 --> syntax error, unexpected token "}", expecting ";"
in APPPATH\Controllers\Trial.php on line 36.
 1 SYSTEMPATH\Autoloader\Autoloader.php(289): CodeIgniter\Autoloader\Autoloader->includeFile('C:\\xampp\\htdocs\\codeign\\app\\Controllers\\Trial.php')
 2 SYSTEMPATH\Autoloader\Autoloader.php(267): CodeIgniter\Autoloader\Autoloader->loadInNamespace('App\\Controllers\\Trial')
 3 [internal function]: CodeIgniter\Autoloader\Autoloader->loadClass('App\\Controllers\\Trial')
 4 SYSTEMPATH\CodeIgniter.php(890): class_exists('\\App\\Controllers\\Trial', true)
 5 SYSTEMPATH\CodeIgniter.php(484): CodeIgniter\CodeIgniter->startController()
 6 SYSTEMPATH\CodeIgniter.php(366): CodeIgniter\CodeIgniter->handleRequest(null, Object(Config\Cache), false)
 7 FCPATH\index.php(67): CodeIgniter\CodeIgniter->run()
CRITICAL - 2023-07-23 04:32:12 --> Too few arguments to function App\Controllers\Trial::realpage(), 0 passed in C:\xampp\htdocs\codeign\system\CodeIgniter.php on line 932 and exactly 1 expected
in APPPATH\Controllers\Trial.php on line 34.
 1 SYSTEMPATH\CodeIgniter.php(932): App\Controllers\Trial->realpage()
 2 SYSTEMPATH\CodeIgniter.php(497): CodeIgniter\CodeIgniter->runController(Object(App\Controllers\Trial))
 3 SYSTEMPATH\CodeIgniter.php(366): CodeIgniter\CodeIgniter->handleRequest(null, Object(Config\Cache), false)
 4 FCPATH\index.php(67): CodeIgniter\CodeIgniter->run()
CRITICAL - 2023-07-23 04:54:34 --> Too few arguments to function App\Controllers\Trial::realpage(), 0 passed in C:\xampp\htdocs\codeign\system\CodeIgniter.php on line 932 and exactly 1 expected
in APPPATH\Controllers\Trial.php on line 34.
 1 SYSTEMPATH\CodeIgniter.php(932): App\Controllers\Trial->realpage()
 2 SYSTEMPATH\CodeIgniter.php(497): CodeIgniter\CodeIgniter->runController(Object(App\Controllers\Trial))
 3 SYSTEMPATH\CodeIgniter.php(366): CodeIgniter\CodeIgniter->handleRequest(null, Object(Config\Cache), false)
 4 FCPATH\index.php(67): CodeIgniter\CodeIgniter->run()
CRITICAL - 2023-07-23 04:54:52 --> view(): Argument #2 ($data) must be of type array, string given, called in C:\xampp\htdocs\codeign\app\Controllers\Trial.php on line 35
in SYSTEMPATH\Common.php on line 1168.
 1 APPPATH\Controllers\Trial.php(35): view('realpage', '1')
 2 SYSTEMPATH\CodeIgniter.php(932): App\Controllers\Trial->realpage('1')
 3 SYSTEMPATH\CodeIgniter.php(497): CodeIgniter\CodeIgniter->runController(Object(App\Controllers\Trial))
 4 SYSTEMPATH\CodeIgniter.php(366): CodeIgniter\CodeIgniter->handleRequest(null, Object(Config\Cache), false)
 5 FCPATH\index.php(67): CodeIgniter\CodeIgniter->run()
CRITICAL - 2023-07-23 04:57:59 --> view(): Argument #2 ($data) must be of type array, string given, called in C:\xampp\htdocs\codeign\app\Controllers\Trial.php on line 38
in SYSTEMPATH\Common.php on line 1168.
 1 APPPATH\Controllers\Trial.php(38): view('realpage', '5')
 2 SYSTEMPATH\CodeIgniter.php(932): App\Controllers\Trial->realpage('5')
 3 SYSTEMPATH\CodeIgniter.php(497): CodeIgniter\CodeIgniter->runController(Object(App\Controllers\Trial))
 4 SYSTEMPATH\CodeIgniter.php(366): CodeIgniter\CodeIgniter->handleRequest(null, Object(Config\Cache), false)
 5 FCPATH\index.php(67): CodeIgniter\CodeIgniter->run()
CRITICAL - 2023-07-23 08:02:18 --> Array to string conversion
in APPPATH\Controllers\Trial.php on line 39.
 1 APPPATH\Controllers\Trial.php(39): CodeIgniter\Debug\Exceptions->errorHandler(2, 'Array to string conversion', 'C:\\xampp\\htdocs\\codeign\\app\\Controllers\\Trial.php', 39)
 2 SYSTEMPATH\CodeIgniter.php(932): App\Controllers\Trial->realpage('5')
 3 SYSTEMPATH\CodeIgniter.php(497): CodeIgniter\CodeIgniter->runController(Object(App\Controllers\Trial))
 4 SYSTEMPATH\CodeIgniter.php(366): CodeIgniter\CodeIgniter->handleRequest(null, Object(Config\Cache), false)
 5 FCPATH\index.php(67): CodeIgniter\CodeIgniter->run()
CRITICAL - 2023-07-23 08:04:07 --> Array to string conversion
in APPPATH\Controllers\Trial.php on line 40.
 1 APPPATH\Controllers\Trial.php(40): CodeIgniter\Debug\Exceptions->errorHandler(2, 'Array to string conversion', 'C:\\xampp\\htdocs\\codeign\\app\\Controllers\\Trial.php', 40)
 2 SYSTEMPATH\CodeIgniter.php(932): App\Controllers\Trial->realpage('5')
 3 SYSTEMPATH\CodeIgniter.php(497): CodeIgniter\CodeIgniter->runController(Object(App\Controllers\Trial))
 4 SYSTEMPATH\CodeIgniter.php(366): CodeIgniter\CodeIgniter->handleRequest(null, Object(Config\Cache), false)
 5 FCPATH\index.php(67): CodeIgniter\CodeIgniter->run()
CRITICAL - 2023-07-23 11:53:29 --> Too few arguments to function App\Controllers\Trial::realpage(), 0 passed in C:\xampp\htdocs\codeign\system\CodeIgniter.php on line 932 and exactly 1 expected
in APPPATH\Controllers\Trial.php on line 33.
 1 SYSTEMPATH\CodeIgniter.php(932): App\Controllers\Trial->realpage()
 2 SYSTEMPATH\CodeIgniter.php(497): CodeIgniter\CodeIgniter->runController(Object(App\Controllers\Trial))
 3 SYSTEMPATH\CodeIgniter.php(366): CodeIgniter\CodeIgniter->handleRequest(null, Object(Config\Cache), false)
 4 FCPATH\index.php(67): CodeIgniter\CodeIgniter->run()
CRITICAL - 2023-07-23 11:54:09 --> Undefined variable $record
in APPPATH\Controllers\Trial.php on line 37.
 1 APPPATH\Controllers\Trial.php(37): CodeIgniter\Debug\Exceptions->errorHandler(2, 'Undefined variable $record', 'C:\\xampp\\htdocs\\codeign\\app\\Controllers\\Trial.php', 37)
 2 SYSTEMPATH\CodeIgniter.php(932): App\Controllers\Trial->realpage()
 3 SYSTEMPATH\CodeIgniter.php(497): CodeIgniter\CodeIgniter->runController(Object(App\Controllers\Trial))
 4 SYSTEMPATH\CodeIgniter.php(366): CodeIgniter\CodeIgniter->handleRequest(null, Object(Config\Cache), false)
 5 FCPATH\index.php(67): CodeIgniter\CodeIgniter->run()
CRITICAL - 2023-07-23 11:58:20 --> syntax error, unexpected token "}", expecting "," or ";"
in APPPATH\Controllers\Trial.php on line 46.
 1 SYSTEMPATH\Autoloader\Autoloader.php(289): CodeIgniter\Autoloader\Autoloader->includeFile('C:\\xampp\\htdocs\\codeign\\app\\Controllers\\Trial.php')
 2 SYSTEMPATH\Autoloader\Autoloader.php(267): CodeIgniter\Autoloader\Autoloader->loadInNamespace('App\\Controllers\\Trial')
 3 [internal function]: CodeIgniter\Autoloader\Autoloader->loadClass('App\\Controllers\\Trial')
 4 SYSTEMPATH\CodeIgniter.php(890): class_exists('\\App\\Controllers\\Trial', true)
 5 SYSTEMPATH\CodeIgniter.php(484): CodeIgniter\CodeIgniter->startController()
 6 SYSTEMPATH\CodeIgniter.php(366): CodeIgniter\CodeIgniter->handleRequest(null, Object(Config\Cache), false)
 7 FCPATH\index.php(67): CodeIgniter\CodeIgniter->run()
CRITICAL - 2023-07-23 11:58:26 --> syntax error, unexpected token "}", expecting ";"
in APPPATH\Models\UserModel.php on line 14.
 1 SYSTEMPATH\Autoloader\Autoloader.php(289): CodeIgniter\Autoloader\Autoloader->includeFile('C:\\xampp\\htdocs\\codeign\\app\\Models\\UserModel.php')
 2 SYSTEMPATH\Autoloader\Autoloader.php(267): CodeIgniter\Autoloader\Autoloader->loadInNamespace('App\\Models\\UserModel')
 3 APPPATH\Controllers\Trial.php(42): CodeIgniter\Autoloader\Autoloader->loadClass('App\\Models\\UserModel')
 4 SYSTEMPATH\CodeIgniter.php(932): App\Controllers\Trial->realpage()
 5 SYSTEMPATH\CodeIgniter.php(497): CodeIgniter\CodeIgniter->runController(Object(App\Controllers\Trial))
 6 SYSTEMPATH\CodeIgniter.php(366): CodeIgniter\CodeIgniter->handleRequest(null, Object(Config\Cache), false)
 7 FCPATH\index.php(67): CodeIgniter\CodeIgniter->run()
CRITICAL - 2023-07-23 12:00:55 --> You must set the database table to be used with your query.
in SYSTEMPATH\Database\BaseConnection.php on line 883.
 1 SYSTEMPATH\Model.php(642): CodeIgniter\Database\BaseConnection->table(null)
 2 SYSTEMPATH\Model.php(803): CodeIgniter\Model->builder()
 3 APPPATH\Controllers\Trial.php(43): CodeIgniter\Model->__get('getallUsers')
 4 SYSTEMPATH\CodeIgniter.php(932): App\Controllers\Trial->realpage()
 5 SYSTEMPATH\CodeIgniter.php(497): CodeIgniter\CodeIgniter->runController(Object(App\Controllers\Trial))
 6 SYSTEMPATH\CodeIgniter.php(366): CodeIgniter\CodeIgniter->handleRequest(null, Object(Config\Cache), false)
 7 FCPATH\index.php(67): CodeIgniter\CodeIgniter->run()
CRITICAL - 2023-07-23 12:29:24 --> include(./connectdb.php): Failed to open stream: No such file or directory
in APPPATH\Views\dashboard.php on line 12.
 1 APPPATH\Views\dashboard.php(12): CodeIgniter\Debug\Exceptions->errorHandler(2, 'include(./connectdb.php): Failed to open stream: No such file or directory', 'C:\\xampp\\htdocs\\codeign\\app\\Views\\dashboard.php', 12)
 2 APPPATH\Views\dashboard.php(12): include()
 3 SYSTEMPATH\View\View.php(224): include('C:\\xampp\\htdocs\\codeign\\app\\Views\\dashboard.php')
 4 SYSTEMPATH\View\View.php(227): CodeIgniter\View\View->CodeIgniter\View\{closure}()
 5 SYSTEMPATH\Common.php(1180): CodeIgniter\View\View->render('dashboard', [], true)
 6 APPPATH\Controllers\Dashboard.php(9): view('dashboard')
 7 SYSTEMPATH\CodeIgniter.php(932): App\Controllers\Dashboard->index()
 8 SYSTEMPATH\CodeIgniter.php(497): CodeIgniter\CodeIgniter->runController(Object(App\Controllers\Dashboard))
 9 SYSTEMPATH\CodeIgniter.php(366): CodeIgniter\CodeIgniter->handleRequest(null, Object(Config\Cache), false)
10 FCPATH\index.php(67): CodeIgniter\CodeIgniter->run()
CRITICAL - 2023-07-23 15:32:46 --> syntax error, unexpected token ","
in APPPATH\Controllers\Register.php on line 15.
 1 SYSTEMPATH\Autoloader\Autoloader.php(289): CodeIgniter\Autoloader\Autoloader->includeFile('C:\\xampp\\htdocs\\codeign\\app\\Controllers\\Register.php')
 2 SYSTEMPATH\Autoloader\Autoloader.php(267): CodeIgniter\Autoloader\Autoloader->loadInNamespace('App\\Controllers\\Register')
 3 [internal function]: CodeIgniter\Autoloader\Autoloader->loadClass('App\\Controllers\\Register')
 4 SYSTEMPATH\CodeIgniter.php(890): class_exists('\\App\\Controllers\\Register', true)
 5 SYSTEMPATH\CodeIgniter.php(484): CodeIgniter\CodeIgniter->startController()
 6 SYSTEMPATH\CodeIgniter.php(366): CodeIgniter\CodeIgniter->handleRequest(null, Object(Config\Cache), false)
 7 FCPATH\index.php(67): CodeIgniter\CodeIgniter->run()
CRITICAL - 2023-07-23 15:38:51 --> include(./validations.php): Failed to open stream: No such file or directory
in APPPATH\Controllers\Register.php on line 14.
 1 APPPATH\Controllers\Register.php(14): CodeIgniter\Debug\Exceptions->errorHandler(2, 'include(./validations.php): Failed to open stream: No such file or directory', 'C:\\xampp\\htdocs\\codeign\\app\\Controllers\\Register.php', 14)
 2 APPPATH\Controllers\Register.php(14): include()
 3 SYSTEMPATH\CodeIgniter.php(932): App\Controllers\Register->registerValidate()
 4 SYSTEMPATH\CodeIgniter.php(497): CodeIgniter\CodeIgniter->runController(Object(App\Controllers\Register))
 5 SYSTEMPATH\CodeIgniter.php(366): CodeIgniter\CodeIgniter->handleRequest(null, Object(Config\Cache), false)
 6 FCPATH\index.php(67): CodeIgniter\CodeIgniter->run()
CRITICAL - 2023-07-23 15:40:20 --> syntax error, unexpected token "use"
in APPPATH\Controllers\Register.php on line 14.
 1 SYSTEMPATH\Autoloader\Autoloader.php(289): CodeIgniter\Autoloader\Autoloader->includeFile('C:\\xampp\\htdocs\\codeign\\app\\Controllers\\Register.php')
 2 SYSTEMPATH\Autoloader\Autoloader.php(267): CodeIgniter\Autoloader\Autoloader->loadInNamespace('App\\Controllers\\Register')
 3 [internal function]: CodeIgniter\Autoloader\Autoloader->loadClass('App\\Controllers\\Register')
 4 SYSTEMPATH\CodeIgniter.php(890): class_exists('\\App\\Controllers\\Register', true)
 5 SYSTEMPATH\CodeIgniter.php(484): CodeIgniter\CodeIgniter->startController()
 6 SYSTEMPATH\CodeIgniter.php(366): CodeIgniter\CodeIgniter->handleRequest(null, Object(Config\Cache), false)
 7 FCPATH\index.php(67): CodeIgniter\CodeIgniter->run()
CRITICAL - 2023-07-23 15:42:07 --> include(./validations.php): Failed to open stream: No such file or directory
in APPPATH\Controllers\Register.php on line 4.
 1 APPPATH\Controllers\Register.php(4): CodeIgniter\Debug\Exceptions->errorHandler(2, 'include(./validations.php): Failed to open stream: No such file or directory', 'C:\\xampp\\htdocs\\codeign\\app\\Controllers\\Register.php', 4)
 2 APPPATH\Controllers\Register.php(4): include()
 3 SYSTEMPATH\Autoloader\Autoloader.php(312): include_once('C:\\xampp\\htdocs\\codeign\\app\\Controllers\\Register.php')
 4 SYSTEMPATH\Autoloader\Autoloader.php(289): CodeIgniter\Autoloader\Autoloader->includeFile('C:\\xampp\\htdocs\\codeign\\app\\Controllers\\Register.php')
 5 SYSTEMPATH\Autoloader\Autoloader.php(267): CodeIgniter\Autoloader\Autoloader->loadInNamespace('App\\Controllers\\Register')
 6 [internal function]: CodeIgniter\Autoloader\Autoloader->loadClass('App\\Controllers\\Register')
 7 SYSTEMPATH\CodeIgniter.php(890): class_exists('\\App\\Controllers\\Register', true)
 8 SYSTEMPATH\CodeIgniter.php(484): CodeIgniter\CodeIgniter->startController()
 9 SYSTEMPATH\CodeIgniter.php(366): CodeIgniter\CodeIgniter->handleRequest(null, Object(Config\Cache), false)
10 FCPATH\index.php(67): CodeIgniter\CodeIgniter->run()
CRITICAL - 2023-07-23 15:46:09 --> include(C:\xampp\htdocs\codeign\app\validations.php): Failed to open stream: No such file or directory
in APPPATH\Controllers\Register.php on line 4.
 1 APPPATH\Controllers\Register.php(4): CodeIgniter\Debug\Exceptions->errorHandler(2, 'include(C:\\xampp\\htdocs\\codeign\\app\\validations.php): Failed to open stream: No such file or directory', 'C:\\xampp\\htdocs\\codeign\\app\\Controllers\\Register.php', 4)
 2 APPPATH\Controllers\Register.php(4): include()
 3 SYSTEMPATH\Autoloader\Autoloader.php(312): include_once('C:\\xampp\\htdocs\\codeign\\app\\Controllers\\Register.php')
 4 SYSTEMPATH\Autoloader\Autoloader.php(289): CodeIgniter\Autoloader\Autoloader->includeFile('C:\\xampp\\htdocs\\codeign\\app\\Controllers\\Register.php')
 5 SYSTEMPATH\Autoloader\Autoloader.php(267): CodeIgniter\Autoloader\Autoloader->loadInNamespace('App\\Controllers\\Register')
 6 [internal function]: CodeIgniter\Autoloader\Autoloader->loadClass('App\\Controllers\\Register')
 7 SYSTEMPATH\CodeIgniter.php(890): class_exists('\\App\\Controllers\\Register', true)
 8 SYSTEMPATH\CodeIgniter.php(484): CodeIgniter\CodeIgniter->startController()
 9 SYSTEMPATH\CodeIgniter.php(366): CodeIgniter\CodeIgniter->handleRequest(null, Object(Config\Cache), false)
10 FCPATH\index.php(67): CodeIgniter\CodeIgniter->run()
CRITICAL - 2023-07-23 15:47:19 --> Array to string conversion
in APPPATH\Controllers\Register.php on line 21.
 1 APPPATH\Controllers\Register.php(21): CodeIgniter\Debug\Exceptions->errorHandler(2, 'Array to string conversion', 'C:\\xampp\\htdocs\\codeign\\app\\Controllers\\Register.php', 21)
 2 SYSTEMPATH\CodeIgniter.php(932): App\Controllers\Register->registerValidate()
 3 SYSTEMPATH\CodeIgniter.php(497): CodeIgniter\CodeIgniter->runController(Object(App\Controllers\Register))
 4 SYSTEMPATH\CodeIgniter.php(366): CodeIgniter\CodeIgniter->handleRequest(null, Object(Config\Cache), false)
 5 FCPATH\index.php(67): CodeIgniter\CodeIgniter->run()
CRITICAL - 2023-07-23 15:48:37 --> include(./validations.php): Failed to open stream: No such file or directory
in APPPATH\Controllers\Register.php on line 14.
 1 APPPATH\Controllers\Register.php(14): CodeIgniter\Debug\Exceptions->errorHandler(2, 'include(./validations.php): Failed to open stream: No such file or directory', 'C:\\xampp\\htdocs\\codeign\\app\\Controllers\\Register.php', 14)
 2 APPPATH\Controllers\Register.php(14): include()
 3 SYSTEMPATH\CodeIgniter.php(932): App\Controllers\Register->registerValidate()
 4 SYSTEMPATH\CodeIgniter.php(497): CodeIgniter\CodeIgniter->runController(Object(App\Controllers\Register))
 5 SYSTEMPATH\CodeIgniter.php(366): CodeIgniter\CodeIgniter->handleRequest(null, Object(Config\Cache), false)
 6 FCPATH\index.php(67): CodeIgniter\CodeIgniter->run()
CRITICAL - 2023-07-23 15:49:05 --> include(Controllers/validations.php): Failed to open stream: No such file or directory
in APPPATH\Controllers\Register.php on line 14.
 1 APPPATH\Controllers\Register.php(14): CodeIgniter\Debug\Exceptions->errorHandler(2, 'include(Controllers/validations.php): Failed to open stream: No such file or directory', 'C:\\xampp\\htdocs\\codeign\\app\\Controllers\\Register.php', 14)
 2 APPPATH\Controllers\Register.php(14): include()
 3 SYSTEMPATH\CodeIgniter.php(932): App\Controllers\Register->registerValidate()
 4 SYSTEMPATH\CodeIgniter.php(497): CodeIgniter\CodeIgniter->runController(Object(App\Controllers\Register))
 5 SYSTEMPATH\CodeIgniter.php(366): CodeIgniter\CodeIgniter->handleRequest(null, Object(Config\Cache), false)
 6 FCPATH\index.php(67): CodeIgniter\CodeIgniter->run()
CRITICAL - 2023-07-23 16:07:08 --> syntax error, unexpected token "}", expecting ";"
in APPPATH\Controllers\Register.php on line 29.
 1 SYSTEMPATH\Autoloader\Autoloader.php(289): CodeIgniter\Autoloader\Autoloader->includeFile('C:\\xampp\\htdocs\\codeign\\app\\Controllers\\Register.php')
 2 SYSTEMPATH\Autoloader\Autoloader.php(267): CodeIgniter\Autoloader\Autoloader->loadInNamespace('App\\Controllers\\Register')
 3 [internal function]: CodeIgniter\Autoloader\Autoloader->loadClass('App\\Controllers\\Register')
 4 SYSTEMPATH\CodeIgniter.php(890): class_exists('\\App\\Controllers\\Register', true)
 5 SYSTEMPATH\CodeIgniter.php(484): CodeIgniter\CodeIgniter->startController()
 6 SYSTEMPATH\CodeIgniter.php(366): CodeIgniter\CodeIgniter->handleRequest(null, Object(Config\Cache), false)
 7 FCPATH\index.php(67): CodeIgniter\CodeIgniter->run()
CRITICAL - 2023-07-23 16:10:40 --> syntax error, unexpected token "echo"
in APPPATH\Views\register.php on line 16.
 1 SYSTEMPATH\View\View.php(227): CodeIgniter\View\View->CodeIgniter\View\{closure}()
 2 SYSTEMPATH\Common.php(1180): CodeIgniter\View\View->render('register', [], true)
 3 APPPATH\Controllers\Register.php(28): view('register', [...])
 4 SYSTEMPATH\CodeIgniter.php(932): App\Controllers\Register->registerValidate()
 5 SYSTEMPATH\CodeIgniter.php(497): CodeIgniter\CodeIgniter->runController(Object(App\Controllers\Register))
 6 SYSTEMPATH\CodeIgniter.php(366): CodeIgniter\CodeIgniter->handleRequest(null, Object(Config\Cache), false)
 7 FCPATH\index.php(67): CodeIgniter\CodeIgniter->run()
CRITICAL - 2023-07-23 16:11:56 --> syntax error, unexpected token "echo"
in APPPATH\Views\register.php on line 16.
 1 SYSTEMPATH\View\View.php(227): CodeIgniter\View\View->CodeIgniter\View\{closure}()
 2 SYSTEMPATH\Common.php(1180): CodeIgniter\View\View->render('register', [], true)
 3 APPPATH\Controllers\Register.php(28): view('register', [...])
 4 SYSTEMPATH\CodeIgniter.php(932): App\Controllers\Register->registerValidate()
 5 SYSTEMPATH\CodeIgniter.php(497): CodeIgniter\CodeIgniter->runController(Object(App\Controllers\Register))
 6 SYSTEMPATH\CodeIgniter.php(366): CodeIgniter\CodeIgniter->handleRequest(null, Object(Config\Cache), false)
 7 FCPATH\index.php(67): CodeIgniter\CodeIgniter->run()
CRITICAL - 2023-07-23 16:13:16 --> Undefined variable $password_err
in APPPATH\Views\register.php on line 25.
 1 APPPATH\Views\register.php(25): CodeIgniter\Debug\Exceptions->errorHandler(2, 'Undefined variable $password_err', 'C:\\xampp\\htdocs\\codeign\\app\\Views\\register.php', 25)
 2 SYSTEMPATH\View\View.php(224): include('C:\\xampp\\htdocs\\codeign\\app\\Views\\register.php')
 3 SYSTEMPATH\View\View.php(227): CodeIgniter\View\View->CodeIgniter\View\{closure}()
 4 SYSTEMPATH\Common.php(1180): CodeIgniter\View\View->render('register', [], true)
 5 APPPATH\Controllers\Register.php(28): view('register', [...])
 6 SYSTEMPATH\CodeIgniter.php(932): App\Controllers\Register->registerValidate()
 7 SYSTEMPATH\CodeIgniter.php(497): CodeIgniter\CodeIgniter->runController(Object(App\Controllers\Register))
 8 SYSTEMPATH\CodeIgniter.php(366): CodeIgniter\CodeIgniter->handleRequest(null, Object(Config\Cache), false)
 9 FCPATH\index.php(67): CodeIgniter\CodeIgniter->run()
CRITICAL - 2023-07-23 16:13:56 --> Undefined variable $password_err
in APPPATH\Views\register.php on line 25.
 1 APPPATH\Views\register.php(25): CodeIgniter\Debug\Exceptions->errorHandler(2, 'Undefined variable $password_err', 'C:\\xampp\\htdocs\\codeign\\app\\Views\\register.php', 25)
 2 SYSTEMPATH\View\View.php(224): include('C:\\xampp\\htdocs\\codeign\\app\\Views\\register.php')
 3 SYSTEMPATH\View\View.php(227): CodeIgniter\View\View->CodeIgniter\View\{closure}()
 4 SYSTEMPATH\Common.php(1180): CodeIgniter\View\View->render('register', [], true)
 5 APPPATH\Controllers\Register.php(28): view('register', [...])
 6 SYSTEMPATH\CodeIgniter.php(932): App\Controllers\Register->registerValidate()
 7 SYSTEMPATH\CodeIgniter.php(497): CodeIgniter\CodeIgniter->runController(Object(App\Controllers\Register))
 8 SYSTEMPATH\CodeIgniter.php(366): CodeIgniter\CodeIgniter->handleRequest(null, Object(Config\Cache), false)
 9 FCPATH\index.php(67): CodeIgniter\CodeIgniter->run()
